#
# A fatal error has been detected by the Java Runtime Environment:
#
#  EXCEPTION_ACCESS_VIOLATION (0xc0000005) at pc=0x0000000074d6a6a5, pid=174168, tid=170548
#
# JRE version: Java(TM) SE Runtime Environment (8.0_31-b13) (build 1.8.0_31-b13)
# Java VM: Java HotSpot(TM) 64-Bit Server VM (25.31-b07 mixed mode windows-amd64 compressed oops)
# Problematic frame:
# V  [jvm.dll+0x11a6a5]
#
# Failed to write core dump. Minidumps are not enabled by default on client versions of Windows
#
# If you would like to submit a bug report, please visit:
#   http://bugreport.java.com/bugreport/crash.jsp
#

---------------  T H R E A D  ---------------

Current thread (0x000000001bba5000):  JavaThread "JDWP Transport Listener: dt_socket" daemon [_thread_in_vm, id=170548, stack(0x000000001d420000,0x000000001d520000)]

siginfo: ExceptionCode=0xc0000005, reading address 0xffffffffffffffff

Registers:
RAX=0x000000001d51f401, RBX=0x000000001bba5000, RCX=0x63656a624f2f676e, RDX=0x0000000000000000
RSP=0x000000001d51f3e0, RBP=0x63656a624f2f676e, RSI=0x000000001d51f4f8, RDI=0x0000000000aee780
R8 =0x000000001bba5000, R9 =0x0000000000008000, R10=0x0000000000000000, R11=0x000000001d51f631
R12=0x0000000000000000, R13=0x000000001bba5b28, R14=0x0000000000000000, R15=0x0000000000000000
RIP=0x0000000074d6a6a5, EFLAGS=0x0000000000010202

Top of Stack: (sp=0x000000001d51f3e0)
0x000000001d51f3e0:   000000001bba5000 000000001bba5000
0x000000001d51f3f0:   000000001d51f4a8 0000000074f67c1b
0x000000001d51f400:   000000001bba5000 0000000074f8447d
0x000000001d51f410:   0000000000000000 00000000744e9149
0x000000001d51f420:   0000000020f33ae8 00000000744f2912
0x000000001d51f430:   000000001bba5000 0000000000000000
0x000000001d51f440:   0000000000000000 0000000000000000
0x000000001d51f450:   63656a624f2f676e 00000000744f1a09
0x000000001d51f460:   000000001d51f4f8 000000001d51f4d0
0x000000001d51f470:   0000000000000001 0000000020f33ae8
0x000000001d51f480:   63656a624f2f676e 00000000744d53b3
0x000000001d51f490:   000000001d51f5c0 0000000000000001
0x000000001d51f4a0:   0000000000000001 0000000020f33ae8
0x000000001d51f4b0:   0000000000000001 0000000000000000
0x000000001d51f4c0:   0000000000000000 0000000000000000
0x000000001d51f4d0:   0000000000000001 00000000744d5571 

Instructions: (pc=0x0000000074d6a6a5)
0x0000000074d6a685:   cc cc cc cc cc cc cc cc cc cc cc 48 83 ec 28 48
0x0000000074d6a695:   85 c9 75 07 33 c0 48 83 c4 28 c3 48 89 5c 24 20
0x0000000074d6a6a5:   48 8b 19 48 85 db 74 20 48 83 fb 37 74 1a 48 8b
0x0000000074d6a6b5:   13 48 8b cb ff 52 10 84 c0 74 0d 48 8b c3 48 8b 


Register to memory mapping:

RAX=0x000000001d51f401 is pointing into the stack for thread: 0x000000001bba5000
RBX=0x000000001bba5000 is a thread
RCX=0x63656a624f2f676e is an unknown value
RDX=0x0000000000000000 is an unknown value
RSP=0x000000001d51f3e0 is pointing into the stack for thread: 0x000000001bba5000
RBP=0x63656a624f2f676e is an unknown value
RSI=0x000000001d51f4f8 is pointing into the stack for thread: 0x000000001bba5000
RDI=0x0000000000aee780 is an unknown value
R8 =0x000000001bba5000 is a thread
R9 =0x0000000000008000 is an unknown value
R10=0x0000000000000000 is an unknown value
R11=0x000000001d51f631 is pointing into the stack for thread: 0x000000001bba5000
R12=0x0000000000000000 is an unknown value
R13=0x000000001bba5b28 is an unknown value
R14=0x0000000000000000 is an unknown value
R15=0x0000000000000000 is an unknown value


Stack: [0x000000001d420000,0x000000001d520000],  sp=0x000000001d51f3e0,  free space=1020k
Native frames: (J=compiled Java code, j=interpreted, Vv=VM code, C=native code)
V  [jvm.dll+0x11a6a5]
V  [jvm.dll+0x33447d]
C  [jdwp.dll+0x21a09]
C  [jdwp.dll+0x53b3]
C  [jdwp.dll+0x5571]
C  [jdwp.dll+0xf09c]
C  [jdwp.dll+0x1f2c9]
C  [jdwp.dll+0x1f49e]
V  [jvm.dll+0x1ac128]
V  [jvm.dll+0x22c194]
V  [jvm.dll+0x28576a]
C  [msvcr100.dll+0x21d9f]
C  [msvcr100.dll+0x21e3b]
C  [KERNEL32.DLL+0x8364]
C  [ntdll.dll+0x67091]


---------------  P R O C E S S  ---------------

Java Threads: ( => current thread )
  0x0000000022f96000 JavaThread "DestroyJavaVM" [_thread_blocked, id=179388, stack(0x0000000002360000,0x0000000002460000)]
  0x0000000022f91000 JavaThread "server" [_thread_blocked, id=150780, stack(0x0000000027140000,0x0000000027240000)]
  0x0000000022f92800 JavaThread "parallel-1" daemon [_thread_blocked, id=161436, stack(0x0000000026d90000,0x0000000026e90000)]
  0x000000001e363000 JavaThread "HikariPool-1 housekeeper" daemon [_thread_blocked, id=183240, stack(0x0000000026530000,0x0000000026630000)]
  0x0000000021eaf800 JavaThread "ObjectCleanerThread" daemon [_thread_blocked, id=183812, stack(0x0000000025d00000,0x0000000025e00000)]
  0x0000000021eac000 JavaThread "reactor-http-nio-4" daemon [_thread_in_native, id=178236, stack(0x0000000025c00000,0x0000000025d00000)]
  0x00000000236de000 JavaThread "reactor-http-nio-3" daemon [_thread_in_native, id=186944, stack(0x0000000024860000,0x0000000024960000)]
  0x00000000236dd800 JavaThread "reactor-http-nio-2" daemon [_thread_in_native, id=178860, stack(0x0000000024510000,0x0000000024610000)]
  0x0000000021c68000 JavaThread "reactor-http-nio-1" daemon [_thread_in_native, id=187772, stack(0x0000000024410000,0x0000000024510000)]
  0x0000000020ee3000 JavaThread "SimplePauseDetectorThread_0" daemon [_thread_blocked, id=165084, stack(0x0000000024110000,0x0000000024210000)]
  0x000000001f06d800 JavaThread "Thread-2" daemon [_thread_blocked, id=188944, stack(0x0000000023df0000,0x0000000023ef0000)]
  0x000000001da63800 JavaThread "Service Thread" daemon [_thread_blocked, id=180904, stack(0x000000001de20000,0x000000001df20000)]
  0x000000001bbc1000 JavaThread "C1 CompilerThread2" daemon [_thread_blocked, id=167348, stack(0x000000001d920000,0x000000001da20000)]
  0x000000001bbc0000 JavaThread "C2 CompilerThread1" daemon [_thread_blocked, id=114824, stack(0x000000001d820000,0x000000001d920000)]
  0x000000001bbbe800 JavaThread "C2 CompilerThread0" daemon [_thread_blocked, id=139088, stack(0x000000001d720000,0x000000001d820000)]
  0x000000001bbad000 JavaThread "JDWP Command Reader" daemon [_thread_in_native, id=188448, stack(0x000000001d620000,0x000000001d720000)]
  0x000000001bba9800 JavaThread "JDWP Event Helper Thread" daemon [_thread_blocked, id=188456, stack(0x000000001d520000,0x000000001d620000)]
=>0x000000001bba5000 JavaThread "JDWP Transport Listener: dt_socket" daemon [_thread_in_vm, id=170548, stack(0x000000001d420000,0x000000001d520000)]
  0x000000001bb91800 JavaThread "Attach Listener" daemon [_thread_blocked, id=176040, stack(0x000000001cfe0000,0x000000001d0e0000)]
  0x000000001bb90000 JavaThread "Signal Dispatcher" daemon [_thread_blocked, id=171720, stack(0x000000001cee0000,0x000000001cfe0000)]
  0x0000000002559800 JavaThread "Finalizer" daemon [_thread_blocked, id=189348, stack(0x000000001cde0000,0x000000001cee0000)]
  0x0000000002551000 JavaThread "Reference Handler" daemon [_thread_blocked, id=185672, stack(0x000000001cce0000,0x000000001cde0000)]

Other Threads:
  0x000000001bb56800 VMThread [stack: 0x000000001cbe0000,0x000000001cce0000] [id=174164]
  0x000000001da87800 WatcherThread [stack: 0x000000001df20000,0x000000001e020000] [id=184436]

VM state:not at safepoint (normal execution)

VM Mutex/Monitor currently owned by a thread: None

Heap:
 PSYoungGen      total 253952K, used 43936K [0x000000076b380000, 0x0000000782c00000, 0x00000007c0000000)
  eden space 235008K, 18% used [0x000000076b380000,0x000000076de68228,0x0000000779900000)
  from space 18944K, 0% used [0x0000000779900000,0x0000000779900000,0x000000077ab80000)
  to   space 21504K, 0% used [0x0000000781700000,0x0000000781700000,0x0000000782c00000)
 ParOldGen       total 169984K, used 33867K [0x00000006c1a00000, 0x00000006cc000000, 0x000000076b380000)
  object space 169984K, 19% used [0x00000006c1a00000,0x00000006c3b12ed0,0x00000006cc000000)
 Metaspace       used 60838K, capacity 63778K, committed 63872K, reserved 1103872K
  class space    used 8246K, capacity 8742K, committed 8832K, reserved 1048576K

Card table byte_map: [0x0000000011920000,0x0000000012120000] byte_map_base: 0x000000000e313000

Marking Bits: (ParMarkBitMap*) 0x000000007542d4f0
 Begin Bits: [0x0000000012a70000, 0x0000000016a08000)
 End Bits:   [0x0000000016a08000, 0x000000001a9a0000)

Polling page: 0x0000000000620000

CodeCache: size=245760Kb used=18173Kb max_used=18831Kb free=227586Kb
 bounds [0x0000000002560000, 0x00000000037e0000, 0x0000000011560000]
 total_blobs=5442 nmethods=4882 adapters=481
 compilation: enabled

Compilation events (10 events):
Event: 1148.083 Thread 0x000000001bbc1000 5788       3       java.util.concurrent.locks.ReentrantLock$NonfairSync::tryAcquire (6 bytes)
Event: 1148.083 Thread 0x000000001bbc1000 nmethod 5788 0x0000000002b98950 code [0x0000000002b98ac0, 0x0000000002b98ce8]
Event: 1148.083 Thread 0x000000001bbc1000 5789       3       java.util.concurrent.locks.ReentrantLock$Sync::nonfairTryAcquire (67 bytes)
Event: 1148.083 Thread 0x000000001bbc1000 nmethod 5789 0x0000000002b97e90 code [0x0000000002b98020, 0x0000000002b98768]
Event: 1178.083 Thread 0x000000001bbc1000 5790       3       java.util.Collections$UnmodifiableCollection::size (10 bytes)
Event: 1178.084 Thread 0x000000001bbc1000 nmethod 5790 0x0000000002e02a10 code [0x0000000002e02b80, 0x0000000002e02da8]
Event: 1238.085 Thread 0x000000001bbc1000 5791       3       java.util.concurrent.locks.ReentrantLock$Sync::isHeldExclusively (16 bytes)
Event: 1238.085 Thread 0x000000001bbc1000 nmethod 5791 0x0000000002e02590 code [0x0000000002e02700, 0x0000000002e02970]
Event: 1238.085 Thread 0x000000001bbc1000 5792       3       java.util.concurrent.locks.AbstractQueuedSynchronizer::isOnSyncQueue (33 bytes)
Event: 1238.085 Thread 0x000000001bbc1000 nmethod 5792 0x0000000002e01f10 code [0x0000000002e02080, 0x0000000002e02430]

GC Heap History (10 events):
Event: 6.387 GC heap before
{Heap before GC invocations=8 (full 1):
 PSYoungGen      total 142848K, used 20255K [0x000000076b380000, 0x0000000775880000, 0x00000007c0000000)
  eden space 127488K, 3% used [0x000000076b380000,0x000000076b848f10,0x0000000773000000)
  from space 15360K, 99% used [0x0000000774180000,0x000000077507f060,0x0000000775080000)
  to   space 17920K, 0% used [0x0000000773000000,0x0000000773000000,0x0000000774180000)
 ParOldGen       total 115200K, used 14524K [0x00000006c1a00000, 0x00000006c8a80000, 0x000000076b380000)
  object space 115200K, 12% used [0x00000006c1a00000,0x00000006c282f088,0x00000006c8a80000)
 Metaspace       used 33921K, capacity 35366K, committed 35496K, reserved 1079296K
  class space    used 4515K, capacity 4790K, committed 4864K, reserved 1048576K
Event: 6.405 GC heap after
Heap after GC invocations=8 (full 1):
 PSYoungGen      total 145408K, used 14933K [0x000000076b380000, 0x000000077c280000, 0x00000007c0000000)
  eden space 127488K, 0% used [0x000000076b380000,0x000000076b380000,0x0000000773000000)
  from space 17920K, 83% used [0x0000000773000000,0x0000000773e95470,0x0000000774180000)
  to   space 18944K, 0% used [0x000000077b000000,0x000000077b000000,0x000000077c280000)
 ParOldGen       total 115200K, used 14532K [0x00000006c1a00000, 0x00000006c8a80000, 0x000000076b380000)
  object space 115200K, 12% used [0x00000006c1a00000,0x00000006c2831088,0x00000006c8a80000)
 Metaspace       used 33921K, capacity 35366K, committed 35496K, reserved 1079296K
  class space    used 4515K, capacity 4790K, committed 4864K, reserved 1048576K
}
Event: 6.405 GC heap before
{Heap before GC invocations=9 (full 2):
 PSYoungGen      total 145408K, used 14933K [0x000000076b380000, 0x000000077c280000, 0x00000007c0000000)
  eden space 127488K, 0% used [0x000000076b380000,0x000000076b380000,0x0000000773000000)
  from space 17920K, 83% used [0x0000000773000000,0x0000000773e95470,0x0000000774180000)
  to   space 18944K, 0% used [0x000000077b000000,0x000000077b000000,0x000000077c280000)
 ParOldGen       total 115200K, used 14532K [0x00000006c1a00000, 0x00000006c8a80000, 0x000000076b380000)
  object space 115200K, 12% used [0x00000006c1a00000,0x00000006c2831088,0x00000006c8a80000)
 Metaspace       used 33921K, capacity 35366K, committed 35496K, reserved 1079296K
  class space    used 4515K, capacity 4790K, committed 4864K, reserved 1048576K
Event: 6.514 GC heap after
Heap after GC invocations=9 (full 2):
 PSYoungGen      total 145408K, used 0K [0x000000076b380000, 0x000000077c280000, 0x00000007c0000000)
  eden space 127488K, 0% used [0x000000076b380000,0x000000076b380000,0x0000000773000000)
  from space 17920K, 0% used [0x0000000773000000,0x0000000773000000,0x0000000774180000)
  to   space 18944K, 0% used [0x000000077b000000,0x000000077b000000,0x000000077c280000)
 ParOldGen       total 141824K, used 20038K [0x00000006c1a00000, 0x00000006ca480000, 0x000000076b380000)
  object space 141824K, 14% used [0x00000006c1a00000,0x00000006c2d91ba0,0x00000006ca480000)
 Metaspace       used 33921K, capacity 35366K, committed 35496K, reserved 1079296K
  class space    used 4515K, capacity 4790K, committed 4864K, reserved 1048576K
}
Event: 8.885 GC heap before
{Heap before GC invocations=10 (full 2):
 PSYoungGen      total 145408K, used 127488K [0x000000076b380000, 0x000000077c280000, 0x00000007c0000000)
  eden space 127488K, 100% used [0x000000076b380000,0x0000000773000000,0x0000000773000000)
  from space 17920K, 0% used [0x0000000773000000,0x0000000773000000,0x0000000774180000)
  to   space 18944K, 0% used [0x000000077b000000,0x000000077b000000,0x000000077c280000)
 ParOldGen       total 141824K, used 20038K [0x00000006c1a00000, 0x00000006ca480000, 0x000000076b380000)
  object space 141824K, 14% used [0x00000006c1a00000,0x00000006c2d91ba0,0x00000006ca480000)
 Metaspace       used 44676K, capacity 46406K, committed 46720K, reserved 1089536K
  class space    used 5848K, capacity 6152K, committed 6272K, reserved 1048576K
Event: 8.906 GC heap after
Heap after GC invocations=10 (full 2):
 PSYoungGen      total 247296K, used 14037K [0x000000076b380000, 0x000000077be00000, 0x00000007c0000000)
  eden space 232960K, 0% used [0x000000076b380000,0x000000076b380000,0x0000000779700000)
  from space 14336K, 97% used [0x000000077b000000,0x000000077bdb5560,0x000000077be00000)
  to   space 18944K, 0% used [0x0000000779900000,0x0000000779900000,0x000000077ab80000)
 ParOldGen       total 141824K, used 20046K [0x00000006c1a00000, 0x00000006ca480000, 0x000000076b380000)
  object space 141824K, 14% used [0x00000006c1a00000,0x00000006c2d93ba0,0x00000006ca480000)
 Metaspace       used 44676K, capacity 46406K, committed 46720K, reserved 1089536K
  class space    used 5848K, capacity 6152K, committed 6272K, reserved 1048576K
}
Event: 21.585 GC heap before
{Heap before GC invocations=11 (full 2):
 PSYoungGen      total 247296K, used 228513K [0x000000076b380000, 0x000000077be00000, 0x00000007c0000000)
  eden space 232960K, 92% used [0x000000076b380000,0x00000007784f2fa8,0x0000000779700000)
  from space 14336K, 97% used [0x000000077b000000,0x000000077bdb5560,0x000000077be00000)
  to   space 18944K, 0% used [0x0000000779900000,0x0000000779900000,0x000000077ab80000)
 ParOldGen       total 141824K, used 20046K [0x00000006c1a00000, 0x00000006ca480000, 0x000000076b380000)
  object space 141824K, 14% used [0x00000006c1a00000,0x00000006c2d93ba0,0x00000006ca480000)
 Metaspace       used 56941K, capacity 59120K, committed 59160K, reserved 1099776K
  class space    used 7635K, capacity 8027K, committed 8064K, reserved 1048576K
Event: 21.619 GC heap after
Heap after GC invocations=11 (full 2):
 PSYoungGen      total 253952K, used 18922K [0x000000076b380000, 0x0000000782c00000, 0x00000007c0000000)
  eden space 235008K, 0% used [0x000000076b380000,0x000000076b380000,0x0000000779900000)
  from space 18944K, 99% used [0x0000000779900000,0x000000077ab7a8e8,0x000000077ab80000)
  to   space 21504K, 0% used [0x0000000781700000,0x0000000781700000,0x0000000782c00000)
 ParOldGen       total 141824K, used 20706K [0x00000006c1a00000, 0x00000006ca480000, 0x000000076b380000)
  object space 141824K, 14% used [0x00000006c1a00000,0x00000006c2e38a38,0x00000006ca480000)
 Metaspace       used 56941K, capacity 59120K, committed 59160K, reserved 1099776K
  class space    used 7635K, capacity 8027K, committed 8064K, reserved 1048576K
}
Event: 21.619 GC heap before
{Heap before GC invocations=12 (full 3):
 PSYoungGen      total 253952K, used 18922K [0x000000076b380000, 0x0000000782c00000, 0x00000007c0000000)
  eden space 235008K, 0% used [0x000000076b380000,0x000000076b380000,0x0000000779900000)
  from space 18944K, 99% used [0x0000000779900000,0x000000077ab7a8e8,0x000000077ab80000)
  to   space 21504K, 0% used [0x0000000781700000,0x0000000781700000,0x0000000782c00000)
 ParOldGen       total 141824K, used 20706K [0x00000006c1a00000, 0x00000006ca480000, 0x000000076b380000)
  object space 141824K, 14% used [0x00000006c1a00000,0x00000006c2e38a38,0x00000006ca480000)
 Metaspace       used 56941K, capacity 59120K, committed 59160K, reserved 1099776K
  class space    used 7635K, capacity 8027K, committed 8064K, reserved 1048576K
Event: 21.846 GC heap after
Heap after GC invocations=12 (full 3):
 PSYoungGen      total 253952K, used 0K [0x000000076b380000, 0x0000000782c00000, 0x00000007c0000000)
  eden space 235008K, 0% used [0x000000076b380000,0x000000076b380000,0x0000000779900000)
  from space 18944K, 0% used [0x0000000779900000,0x0000000779900000,0x000000077ab80000)
  to   space 21504K, 0% used [0x0000000781700000,0x0000000781700000,0x0000000782c00000)
 ParOldGen       total 169984K, used 33867K [0x00000006c1a00000, 0x00000006cc000000, 0x000000076b380000)
  object space 169984K, 19% used [0x00000006c1a00000,0x00000006c3b12ed0,0x00000006cc000000)
 Metaspace       used 56941K, capacity 59120K, committed 59160K, reserved 1099776K
  class space    used 7635K, capacity 8027K, committed 8064K, reserved 1048576K
}

Deoptimization events (10 events):
Event: 26.524 Thread 0x0000000021eac000 Uncommon trap: reason=unhandled action=none pc=0x0000000003606eac method=java.net.URLClassLoader$1.run()Ljava/lang/Class; @ 72
Event: 26.527 Thread 0x0000000021eac000 Uncommon trap: reason=unhandled action=none pc=0x0000000003606eac method=java.net.URLClassLoader$1.run()Ljava/lang/Class; @ 72
Event: 26.527 Thread 0x0000000021eac000 Uncommon trap: reason=unhandled action=none pc=0x0000000003606eac method=java.net.URLClassLoader$1.run()Ljava/lang/Class; @ 72
Event: 36.525 Thread 0x00000000236dd800 Uncommon trap: reason=unhandled action=none pc=0x0000000003606eac method=java.net.URLClassLoader$1.run()Ljava/lang/Class; @ 72
Event: 36.526 Thread 0x00000000236dd800 Uncommon trap: reason=class_check action=maybe_recompile pc=0x00000000026729f0 method=java.util.regex.Pattern$SliceI.match(Ljava/util/regex/Matcher;ILjava/lang/CharSequence;)Z @ 92
Event: 36.526 Thread 0x0000000021eac000 Uncommon trap: reason=class_check action=maybe_recompile pc=0x00000000026729f0 method=java.util.regex.Pattern$SliceI.match(Ljava/util/regex/Matcher;ILjava/lang/CharSequence;)Z @ 92
Event: 36.526 Thread 0x0000000021c68000 Uncommon trap: reason=class_check action=maybe_recompile pc=0x00000000026729f0 method=java.util.regex.Pattern$SliceI.match(Ljava/util/regex/Matcher;ILjava/lang/CharSequence;)Z @ 92
Event: 36.527 Thread 0x0000000021eac000 Uncommon trap: reason=unhandled action=none pc=0x0000000003606eac method=java.net.URLClassLoader$1.run()Ljava/lang/Class; @ 72
Event: 36.527 Thread 0x00000000236dd800 Uncommon trap: reason=unhandled action=none pc=0x0000000003606eac method=java.net.URLClassLoader$1.run()Ljava/lang/Class; @ 72
Event: 36.528 Thread 0x0000000021c68000 Uncommon trap: reason=unhandled action=none pc=0x0000000003606eac method=java.net.URLClassLoader$1.run()Ljava/lang/Class; @ 72

Internal exceptions (10 events):
Event: 26.527 Thread 0x0000000021eac000 Exception <a 'java/security/PrivilegedActionException'> (0x000000076d9ec328) thrown at [C:\workspace\8-2-build-windows-amd64-cygwin\jdk8u31\2394\hotspot\src\share\vm\prims\jvm.cpp, line 1312]
Event: 26.527 Thread 0x0000000021eac000 Exception <a 'java/security/PrivilegedActionException'> (0x000000076d9f2228) thrown at [C:\workspace\8-2-build-windows-amd64-cygwin\jdk8u31\2394\hotspot\src\share\vm\prims\jvm.cpp, line 1312]
Event: 36.525 Thread 0x00000000236dd800 Exception <a 'java/security/PrivilegedActionException'> (0x000000076d6ae8d0) thrown at [C:\workspace\8-2-build-windows-amd64-cygwin\jdk8u31\2394\hotspot\src\share\vm\prims\jvm.cpp, line 1312]
Event: 36.526 Thread 0x0000000021eac000 Exception <a 'java/io/IOException'> (0x000000076da02a68) thrown at [C:\workspace\8-2-build-windows-amd64-cygwin\jdk8u31\2394\hotspot\src\share\vm\prims\jni.cpp, line 716]
Event: 36.526 Thread 0x00000000236dd800 Exception <a 'java/io/IOException'> (0x000000076d6b3d70) thrown at [C:\workspace\8-2-build-windows-amd64-cygwin\jdk8u31\2394\hotspot\src\share\vm\prims\jni.cpp, line 716]
Event: 36.526 Thread 0x0000000021c68000 Exception <a 'java/io/IOException'> (0x000000076ce81ca8) thrown at [C:\workspace\8-2-build-windows-amd64-cygwin\jdk8u31\2394\hotspot\src\share\vm\prims\jni.cpp, line 716]
Event: 36.526 Thread 0x00000000236de000 Exception <a 'java/io/IOException'> (0x000000076cc96b00) thrown at [C:\workspace\8-2-build-windows-amd64-cygwin\jdk8u31\2394\hotspot\src\share\vm\prims\jni.cpp, line 716]
Event: 36.527 Thread 0x0000000021eac000 Exception <a 'java/security/PrivilegedActionException'> (0x000000076da03358) thrown at [C:\workspace\8-2-build-windows-amd64-cygwin\jdk8u31\2394\hotspot\src\share\vm\prims\jvm.cpp, line 1312]
Event: 36.527 Thread 0x00000000236dd800 Exception <a 'java/security/PrivilegedActionException'> (0x000000076d6b4870) thrown at [C:\workspace\8-2-build-windows-amd64-cygwin\jdk8u31\2394\hotspot\src\share\vm\prims\jvm.cpp, line 1312]
Event: 36.528 Thread 0x0000000021c68000 Exception <a 'java/security/PrivilegedActionException'> (0x000000076ce828a0) thrown at [C:\workspace\8-2-build-windows-amd64-cygwin\jdk8u31\2394\hotspot\src\share\vm\prims\jvm.cpp, line 1312]

Events (10 events):
Event: 1239.473 Executing VM operation: RedefineClasses
Event: 1239.648 Executing VM operation: RedefineClasses done
Event: 1239.649 Executing VM operation: RevokeBias
Event: 1239.650 Executing VM operation: RevokeBias done
Event: 1239.663 Executing VM operation: ChangeBreakpoints
Event: 1239.665 Executing VM operation: ChangeBreakpoints done
Event: 1239.665 Executing VM operation: ChangeBreakpoints
Event: 1239.666 Executing VM operation: ChangeBreakpoints done
Event: 1282.676 Executing VM operation: RedefineClasses
Event: 1282.727 Executing VM operation: RedefineClasses done


Dynamic libraries:
0x00007ff70e700000 - 0x00007ff70e734000 	C:\Program Files\Java\jdk1.8.0_31\bin\javaw.exe
0x00007fffdd3a0000 - 0x00007fffdd572000 	C:\Windows\SYSTEM32\ntdll.dll
0x00007fffdc960000 - 0x00007fffdca0c000 	C:\Windows\System32\KERNEL32.DLL
0x00007fffd9eb0000 - 0x00007fffda0cd000 	C:\Windows\System32\KERNELBASE.dll
0x00007fffdd120000 - 0x00007fffdd1c2000 	C:\Windows\System32\ADVAPI32.dll
0x00007fffdd080000 - 0x00007fffdd11e000 	C:\Windows\System32\msvcrt.dll
0x00007fffdc040000 - 0x00007fffdc099000 	C:\Windows\System32\sechost.dll
0x00007fffdca10000 - 0x00007fffdcb31000 	C:\Windows\System32\RPCRT4.dll
0x00007fffdcf10000 - 0x00007fffdd075000 	C:\Windows\System32\USER32.dll
0x00007fffd99a0000 - 0x00007fffd99be000 	C:\Windows\System32\win32u.dll
0x00007fffdc210000 - 0x00007fffdc244000 	C:\Windows\System32\GDI32.dll
0x00007fffda7b0000 - 0x00007fffda930000 	C:\Windows\System32\gdi32full.dll
0x00007fffd0720000 - 0x00007fffd099a000 	C:\Windows\WinSxS\amd64_microsoft.windows.common-controls_6595b64144ccf1df_6.0.14393.953_none_42151e83c686086b\COMCTL32.dll
0x00007fffdcc40000 - 0x00007fffdcf08000 	C:\Windows\System32\combase.dll
0x00007fffd98a0000 - 0x00007fffd9995000 	C:\Windows\System32\ucrtbase.dll
0x00007fffd9b90000 - 0x00007fffd9bfa000 	C:\Windows\System32\bcryptPrimitives.dll
0x00007fffdc2c0000 - 0x00007fffdc2ee000 	C:\Windows\System32\IMM32.DLL
0x00000000754b0000 - 0x0000000075582000 	C:\Program Files\Java\jdk1.8.0_31\jre\bin\msvcr100.dll
0x0000000074c50000 - 0x00000000754aa000 	C:\Program Files\Java\jdk1.8.0_31\jre\bin\server\jvm.dll
0x00007fffdc200000 - 0x00007fffdc208000 	C:\Windows\System32\PSAPI.DLL
0x00007fffd7e20000 - 0x00007fffd7e43000 	C:\Windows\SYSTEM32\WINMM.dll
0x00007fffc9fa0000 - 0x00007fffc9fa9000 	C:\Windows\SYSTEM32\WSOCK32.dll
0x00007fffdd290000 - 0x00007fffdd2fa000 	C:\Windows\System32\WS2_32.dll
0x00007fffd7dc0000 - 0x00007fffd7deb000 	C:\Windows\SYSTEM32\WINMMBASE.dll
0x00007fffd9d60000 - 0x00007fffd9da2000 	C:\Windows\System32\cfgmgr32.dll
0x0000000076620000 - 0x000000007662f000 	C:\Program Files\Java\jdk1.8.0_31\jre\bin\verify.dll
0x00000000765f0000 - 0x0000000076618000 	C:\Program Files\Java\jdk1.8.0_31\jre\bin\java.dll
0x00000000744d0000 - 0x0000000074505000 	C:\Program Files\Java\jdk1.8.0_31\jre\bin\jdwp.dll
0x0000000075930000 - 0x0000000075938000 	C:\Program Files\Java\jdk1.8.0_31\jre\bin\npt.dll
0x00000000765d0000 - 0x00000000765e6000 	C:\Program Files\Java\jdk1.8.0_31\jre\bin\zip.dll
0x00007fffdab30000 - 0x00007fffdc038000 	C:\Windows\System32\SHELL32.dll
0x00007fffda0d0000 - 0x00007fffda7a8000 	C:\Windows\System32\windows.storage.dll
0x00007fffd9820000 - 0x00007fffd986c000 	C:\Windows\System32\powrprof.dll
0x00007fffdc7b0000 - 0x00007fffdc802000 	C:\Windows\System32\shlwapi.dll
0x00007fffd9810000 - 0x00007fffd981f000 	C:\Windows\System32\kernel.appcore.dll
0x00007fffd9cb0000 - 0x00007fffd9d59000 	C:\Windows\System32\shcore.dll
0x00007fffd9870000 - 0x00007fffd9884000 	C:\Windows\System32\profapi.dll
0x00000000744c0000 - 0x00000000744c9000 	C:\Program Files\Java\jdk1.8.0_31\jre\bin\dt_socket.dll
0x00007fffcbdc0000 - 0x00007fffcbdd6000 	C:\Windows\system32\napinsp.dll
0x00007fffcbde0000 - 0x00007fffcbdfa000 	C:\Windows\system32\pnrpnsp.dll
0x00007fffd5b90000 - 0x00007fffd5ba8000 	C:\Windows\system32\NLAapi.dll
0x00007fffd9140000 - 0x00007fffd919c000 	C:\Windows\System32\mswsock.dll
0x00007fffd8f00000 - 0x00007fffd8fa1000 	C:\Windows\SYSTEM32\DNSAPI.dll
0x00007fffdc950000 - 0x00007fffdc958000 	C:\Windows\System32\NSI.dll
0x00007fffd8ec0000 - 0x00007fffd8ef8000 	C:\Windows\SYSTEM32\IPHLPAPI.DLL
0x00007fffcbe20000 - 0x00007fffcbe2e000 	C:\Windows\System32\winrnr.dll
0x00007fffcbe00000 - 0x00007fffcbe15000 	C:\Windows\System32\wshbth.dll
0x0000000051340000 - 0x0000000051375000 	C:\Program Files\Bonjour\mdnsNSP.dll
0x00007fffd6fe0000 - 0x00007fffd704a000 	C:\Windows\System32\fwpuclnt.dll
0x00007fffd93f0000 - 0x00007fffd941b000 	C:\Windows\SYSTEM32\bcrypt.dll
0x00007fffd5f80000 - 0x00007fffd5f8a000 	C:\Windows\System32\rasadhlp.dll
0x00000000765a0000 - 0x00000000765ba000 	C:\Program Files\Java\jdk1.8.0_31\jre\bin\net.dll
0x00007fffd70c0000 - 0x00007fffd70d6000 	C:\Windows\SYSTEM32\dhcpcsvc6.DLL
0x00007fffd70a0000 - 0x00007fffd70ba000 	C:\Windows\SYSTEM32\dhcpcsvc.DLL
0x00000000765c0000 - 0x00000000765cd000 	C:\Program Files\Java\jdk1.8.0_31\jre\bin\management.dll
0x0000000076580000 - 0x0000000076591000 	C:\Program Files\Java\jdk1.8.0_31\jre\bin\nio.dll
0x0000000074c20000 - 0x0000000074c44000 	C:\Program Files\Java\jdk1.8.0_31\jre\bin\sunec.dll
0x00007fffd92e0000 - 0x00007fffd92f7000 	C:\Windows\SYSTEM32\CRYPTSP.dll
0x00007fffd8d50000 - 0x00007fffd8d83000 	C:\Windows\system32\rsaenh.dll
0x00007fffd8fc0000 - 0x00007fffd8fdf000 	C:\Windows\SYSTEM32\USERENV.dll
0x00007fffd9300000 - 0x00007fffd930b000 	C:\Windows\SYSTEM32\CRYPTBASE.dll
0x00007fffd1310000 - 0x00007fffd14a2000 	C:\Windows\SYSTEM32\dbghelp.dll

VM Arguments:
jvm_args: -agentlib:jdwp=transport=dt_socket,suspend=y,address=localhost:63334 -Dfile.encoding=UTF-8 
java_command: gec.scf.logging.LoggingServiceApplication
java_class_path (initial): C:\Users\natthapong.noo\Documents\logging-service\target\classes;C:\Users\natthapong.noo\.m2\repository\org\springframework\boot\spring-boot-starter-actuator\2.0.0.RELEASE\spring-boot-starter-actuator-2.0.0.RELEASE.jar;C:\Users\natthapong.noo\.m2\repository\org\springframework\boot\spring-boot-starter\2.0.0.RELEASE\spring-boot-starter-2.0.0.RELEASE.jar;C:\Users\natthapong.noo\.m2\repository\org\springframework\boot\spring-boot\2.0.0.RELEASE\spring-boot-2.0.0.RELEASE.jar;C:\Users\natthapong.noo\.m2\repository\org\springframework\boot\spring-boot-autoconfigure\2.0.0.RELEASE\spring-boot-autoconfigure-2.0.0.RELEASE.jar;C:\Users\natthapong.noo\.m2\repository\org\springframework\boot\spring-boot-starter-logging\2.0.0.RELEASE\spring-boot-starter-logging-2.0.0.RELEASE.jar;C:\Users\natthapong.noo\.m2\repository\ch\qos\logback\logback-classic\1.2.3\logback-classic-1.2.3.jar;C:\Users\natthapong.noo\.m2\repository\ch\qos\logback\logback-core\1.2.3\logback-core-1.2.3.jar;C:\Users\natthapong.noo\.m2\repository\org\apache\logging\log4j\log4j-to-slf4j\2.10.0\log4j-to-slf4j-2.10.0.jar;C:\Users\natthapong.noo\.m2\repository\org\apache\logging\log4j\log4j-api\2.10.0\log4j-api-2.10.0.jar;C:\Users\natthapong.noo\.m2\repository\org\slf4j\jul-to-slf4j\1.7.25\jul-to-slf4j-1.7.25.jar;C:\Users\natthapong.noo\.m2\repository\javax\annotation\javax.annotation-api\1.3.2\javax.annotation-api-1.3.2.jar;C:\Users\natthapong.noo\.m2\repository\org\yaml\snakeyaml\1.19\snakeyaml-1.19.jar;C:\Users\natthapong.noo\.m2\repository\org\springframework\boot\spring-boot-actuator-autoconfigure\2.0.0.RELEASE\spring-boot-actuator-autoconfigure-2.0.0.RELEASE.jar;C:\Users\natthapong.noo\.m2\repository\org\springframework\boot\spring-boot-actuator\2.0.0.RELEASE\spring-boot-actuator-2.0.0.RELEASE.jar;C:\Users\natthapong.noo\.m2\repository\com\fasterxml\jackson\core\jackson-databind\2.9.4\jackson-databind-2.9.4.jar;C:\Users\natthapong.noo\.m2\repository\com\fasterxml\jackson\core\jackson-a
Launcher Type: SUN_STANDARD

Environment Variables:
PATH=C:\Program Files\Java\jdk1.8.0_31\jre\bin;C:/Program Files/Java/jre1.8.0_144/bin/server;C:/Program Files/Java/jre1.8.0_144/bin;C:/Program Files/Java/jre1.8.0_144/lib/amd64;C:\Program Files\Docker\Docker\Resources\bin;C:\ProgramData\Oracle\Java\javapath;C:\Windows\system32;C:\Windows;C:\Windows\System32\Wbem;C:\Windows\System32\WindowsPowerShell\v1.0\;C:\Program Files\PuTTY\;C:\Program Files (x86)\WinMerge;C:\Program Files\nodejs\;C:\Program Files\Redis\;C:\Program Files\SourceGear\Common\DiffMerge\;C:\Program Files (x86)\cvsnt;C:\Program Files\Microsoft SQL Server\120\Tools\Binn\;C:\Program Files\Microsoft SQL Server\Client SDK\ODBC\110\Tools\Binn\;C:\Program Files (x86)\Microsoft SQL Server\120\Tools\Binn\;C:\Program Files\Microsoft SQL Server\120\DTS\Binn\;C:\Program Files (x86)\Microsoft SQL Server\120\Tools\Binn\ManagementStudio\;C:\Program Files (x86)\Microsoft SQL Server\120\DTS\Binn\;C:\Program Files\R\R-3.4.0\bin\;C:\Python27\;C:\Program Files\Geth;C:\Program Files\OpenVPN\bin;C:\Program Files\Git\cmd;C:\Program Files\apache-maven-3.5.2\bin;C:\Program Files\MySQL\MySQL Server 5.7\bin;C:\Users\natthapong.noo\AppData\Local\Microsoft\WindowsApps;C:\Users\natthapong.noo\AppData\Local\Programs\Python\Python35;C:\Users\natthapong.noo\AppData\Local\Programs\Python\Python35\Scripts;D:\Project\GECSCF_V2\Tools\eclipse-neon;
USERNAME=natthapong.noo
OS=Windows_NT
PROCESSOR_IDENTIFIER=Intel64 Family 6 Model 61 Stepping 4, GenuineIntel



---------------  S Y S T E M  ---------------

OS: Windows 8.1 , 64 bit Build 9600 

CPU:total 4 (2 cores per cpu, 2 threads per core) family 6 model 61 stepping 4, cmov, cx8, fxsr, mmx, sse, sse2, sse3, ssse3, sse4.1, sse4.2, popcnt, avx, avx2, aes, clmul, erms, lzcnt, ht, tsc, tscinvbit, bmi1, bmi2

Memory: 4k page, physical 16665708k(3068908k free), swap 37480148k(9411308k free)

vm_info: Java HotSpot(TM) 64-Bit Server VM (25.31-b07) for windows-amd64 JRE (1.8.0_31-b13), built on Dec 17 2014 21:00:28 by "java_re" with MS VC++ 10.0 (VS2010)

time: Fri Mar 09 18:55:15 2018
elapsed time: 1282 seconds (0d 0h 21m 22s)

